\BOOKMARK [1][-]{section.1}{\376\377\000R\000e\000l\000a\000t\000i\000o\000n\000\040\000r\000i\000s\000q\000u\000e\000-\000r\000e\000n\000d\000e\000m\000e\000n\000t}{}% 1
\BOOKMARK [1][-]{section.2}{\376\377\000C\000o\000m\000p\000o\000s\000a\000n\000t\000e\000s\000\040\000d\000u\000\040\000t\000a\000u\000x\000\040\000d\000e\000\040\000r\000e\000n\000d\000e\000m\000e\000n\000t}{}% 2
\BOOKMARK [2][-]{subsection.2.1}{\376\377\000\040\000M\000e\000s\000u\000r\000e\000s\000\040\000d\000e\000\040\000l\000a\000\040\000p\000r\000i\000m\000e\000\040\000d\000e\000\040\000r\000i\000s\000q\000u\000e}{section.2}% 3
\BOOKMARK [1][-]{section.3}{\376\377\000\040\000C\000o\000u\000r\000b\000e\000\040\000d\000e\000s\000\040\000r\000e\000n\000d\000e\000m\000e\000n\000t\000s\000\040\000\340\000\040\000l\040\031\000\351\000c\000h\000\351\000a\000n\000c\000e}{}% 4
\BOOKMARK [1][-]{section.4}{\376\377\000T\000a\000u\000x\000\040\000d\000e\000\040\000r\000e\000n\000d\000e\000m\000e\000n\000t\000\040\000a\000u\000\040\000c\000o\000m\000p\000t\000a\000n\000t}{}% 5
\BOOKMARK [2][-]{subsection.4.1}{\376\377\000S\000t\000r\000u\000c\000t\000u\000r\000e\000\040\000\340\000\040\000t\000e\000r\000m\000e\000\040\000d\000e\000s\000\040\000t\000a\000u\000x\000\040\000d\040\031\000i\000n\000t\000\351\000r\000\352\000t}{section.4}% 6
\BOOKMARK [2][-]{subsection.4.2}{\376\377\000C\000o\000n\000s\000t\000r\000u\000c\000t\000i\000o\000n\000\040\000d\000e\000s\000\040\000z\000t}{section.4}% 7
\BOOKMARK [1][-]{section.5}{\376\377\000C\000o\000u\000r\000b\000e\000\040\000d\000e\000s\000\040\000r\000e\000n\000d\000e\000m\000e\000n\000t\000s\000\040\000\340\000\040\000l\040\031\000\351\000c\000h\000\351\000a\000n\000c\000e\000\040\000a\000u\000\040\000p\000a\000i\000r}{}% 8
\BOOKMARK [1][-]{section.6}{\376\377\000T\000a\000u\000x\000\040\000d\000e\000\040\000r\000e\000n\000d\000e\000m\000e\000n\000t\000\040\000\340\000\040\000t\000e\000r\000m\000e}{}% 9
\BOOKMARK [2][-]{subsection.6.1}{\376\377\000T\000r\000o\000u\000v\000e\000r\000\040\000f\000t\000,\000n}{section.6}% 10
\BOOKMARK [1][-]{section.7}{\376\377\000E\000x\000e\000m\000p\000l\000e\000s}{}% 11
\BOOKMARK [2][-]{subsection.7.1}{\376\377\000E\000x\000e\000m\000p\000l\000e\000\040\0001}{section.7}% 12
\BOOKMARK [2][-]{subsection.7.2}{\376\377\000E\000x\000e\000m\000p\000l\000e\000\040\0002}{section.7}% 13
\BOOKMARK [2][-]{subsection.7.3}{\376\377\000E\000x\000e\000m\000p\000l\000e\000\040\0003}{section.7}% 14
\BOOKMARK [2][-]{subsection.7.4}{\376\377\000E\000x\000e\000m\000p\000l\000e\000\040\0004}{section.7}% 15
\BOOKMARK [1][-]{section.8}{\376\377\000\040\000F\000o\000r\000m\000e\000s\000\040\000d\000e\000\040\000l\000a\000\040\000s\000t\000r\000u\000c\000t\000u\000r\000e\000\040\000\340\000\040\000t\000e\000r\000m\000e\000\040\000d\000e\000s\000\040\000t\000a\000u\000x}{}% 16
\BOOKMARK [2][-]{subsection.8.1}{\376\377\000T\000h\000\351\000o\000r\000i\000e\000\040\000d\000e\000s\000\040\000a\000n\000t\000i\000c\000i\000p\000a\000t\000i\000o\000n\000s\000\040\000p\000u\000r\000e\000s}{section.8}% 17
\BOOKMARK [2][-]{subsection.8.2}{\376\377\000T\000h\000\351\000o\000r\000i\000e\000\040\000d\000e\000\040\000l\000a\000\040\000p\000r\000i\000m\000e\000\040\000d\000e\000\040\000l\000i\000q\000u\000i\000d\000i\000t\000\351}{section.8}% 18
\BOOKMARK [2][-]{subsection.8.3}{\376\377\000T\000h\000\351\000o\000r\000i\000e\000\040\000d\000e\000\040\000l\000a\000\040\000s\000e\000g\000m\000e\000n\000t\000a\000t\000i\000o\000n\000\040\000d\000u\000\040\000m\000a\000r\000c\000h\000\351}{section.8}% 19
\BOOKMARK [2][-]{subsection.8.4}{\376\377\000T\000h\000\351\000o\000r\000i\000e\000\040\000d\000e\000s\000\040\000h\000a\000b\000i\000t\000a\000t\000s\000\040\000p\000r\000\351\000f\000\351\000r\000\351\000s}{section.8}% 20
